import os
from pathlib import Path

BASE_DIR = Path(__file__).resolve().parent.parent

LOGGING = {
    'version': 1,
    'disable_existing_loggers': False,
    'formatters': {
        'verbose': {
            'format': '{asctime} [{levelname}] {message}',
            'style': '{',
        },
    },
    'handlers': {
        'file': {
            'level': 'INFO',
            'class': 'logging.FileHandler',
            'filename': os.path.join(BASE_DIR, 'logs', 'request.log'),
            'formatter': 'verbose',
        },
    },
    'loggers': {
        'django.request': {
            'handlers': ['file'],
            'level': 'INFO',
            'propagate': True,
        },
    },
}
